{
  "RSpec": {
    "coverage": {
      "/Users/elizabethmanifold/dev/Makers/Week-4/bookmarks-jamie/bookmark_manager/spec/features/adding_bookmarks_spec.rb": [
        1,
        1,
        1,
        null,
        1,
        1,
        1,
        1,
        1,
        null,
        null
      ],
      "/Users/elizabethmanifold/dev/Makers/Week-4/bookmarks-jamie/bookmark_manager/spec/features/button_homepage_spec.rb": [
        1,
        1,
        1,
        1,
        1,
        null,
        null
      ],
      "/Users/elizabethmanifold/dev/Makers/Week-4/bookmarks-jamie/bookmark_manager/spec/features/hello_world_spec.rb": [
        1,
        1,
        1,
        1,
        null,
        null
      ],
      "/Users/elizabethmanifold/dev/Makers/Week-4/bookmarks-jamie/bookmark_manager/spec/features/viewing_bookmarks_spec.rb": [
        1,
        null,
        1,
        1,
        1,
        null,
        null,
        1,
        1,
        1,
        null,
        1,
        null,
        1,
        1,
        1,
        null,
        null,
        null
      ],
      "/Users/elizabethmanifold/dev/Makers/Week-4/bookmarks-jamie/bookmark_manager/spec/unit/bookmark_spec.rb": [
        1,
        1,
        null,
        1,
        3,
        3,
        null,
        1,
        1,
        1,
        1,
        1,
        null,
        null,
        1,
        null,
        1,
        1,
        1,
        null,
        1,
        null,
        1,
        1,
        1,
        null,
        null,
        null,
        null
      ]
    },
    "timestamp": 1575561450
  }
}
